main: starting main function 2022-01-08T17:40:53.763Z
in getDataForDateRanges
Setting up batched requests for 8.940972222222221 batches
Issueing batch request 0 of 8
allValues? Promise { <pending> }
main: imperialDataJSONLFileNames {}
main: metricDataJSONLFileNames {}
Issueing batch request 1 of 8
Issueing batch request 2 of 8
Issueing batch request 3 of 8
Issueing batch request 4 of 8
Issueing batch request 5 of 8
Issueing batch request 6 of 8
Issueing batch request 7 of 8
Setting up final collection for 276 records.
values: [
  {
    dataFetchForDates: [
      [Object], [Object],
      [Object], [Object],
      [Object], [Object],
      [Object], [Object],
      [Object]
    ],
    dataFileNames: [
      '20220107-T-1740_20220108-T-1735',
      '20220106-T-1745_20220107-T-1735',
      '20220105-T-1750_20220106-T-1740',
      '20220104-T-1755_20220105-T-1745',
      '20220103-T-1800_20220104-T-1750',
      '20220102-T-1755_20220103-T-1755',
      '20220101-T-1800_20220102-T-1750',
      '20211231-T-1806_20220101-T-1755',
      '20211230-T-1910_20211231-T-1800'
    ]
  },
  {
    lastIndexedImperialDataDate: '2021-12-30T19:05:00.000Z',
    lastIndexedMetricDataDate: '2021-12-30T19:05:00.000Z'
  }
]
return from getDataForDateRanges {
  dataFetchForDates: [
    {
      from: Moment<2022-01-07T10:40:00-07:00>,
      to: Moment<2022-01-08T10:35:00-07:00>
    },
    {
      from: Moment<2022-01-06T10:45:00-07:00>,
      to: Moment<2022-01-07T10:35:00-07:00>
    },
    {
      from: Moment<2022-01-05T10:50:00-07:00>,
      to: Moment<2022-01-06T10:40:00-07:00>
    },
    {
      from: Moment<2022-01-04T10:55:00-07:00>,
      to: Moment<2022-01-05T10:45:00-07:00>
    },
    {
      from: Moment<2022-01-03T11:00:00-07:00>,
      to: Moment<2022-01-04T10:50:00-07:00>
    },
    {
      from: Moment<2022-01-02T10:55:00-07:00>,
      to: Moment<2022-01-03T10:55:00-07:00>
    },
    {
      from: Moment<2022-01-01T11:00:00-07:00>,
      to: Moment<2022-01-02T10:50:00-07:00>
    },
    {
      from: Moment<2021-12-31T11:06:00-07:00>,
      to: Moment<2022-01-01T10:55:00-07:00>
    },
    {
      from: Moment<2021-12-30T12:10:00-07:00>,
      to: Moment<2021-12-31T11:00:00-07:00>
    }
  ],
  dataFileNames: [
    '20220107-T-1740_20220108-T-1735',
    '20220106-T-1745_20220107-T-1735',
    '20220105-T-1750_20220106-T-1740',
    '20220104-T-1755_20220105-T-1745',
    '20220103-T-1800_20220104-T-1750',
    '20220102-T-1755_20220103-T-1755',
    '20220101-T-1800_20220102-T-1750',
    '20211231-T-1806_20220101-T-1755',
    '20211230-T-1910_20211231-T-1800'
  ]
}
return from initialize {
  lastIndexedImperialDataDate: '2021-12-30T19:05:00.000Z',
  lastIndexedMetricDataDate: '2021-12-30T19:05:00.000Z'
}
